TN:
SF:app/app.ts
FN:15,(anonymous_3)
FN:23,(anonymous_4)
FN:31,(anonymous_5)
FN:44,(anonymous_6)
FN:51,(anonymous_7)
FN:52,(anonymous_8)
FNF:6
FNH:0
FNDA:0,(anonymous_3)
FNDA:0,(anonymous_4)
FNDA:0,(anonymous_5)
FNDA:0,(anonymous_6)
FNDA:0,(anonymous_7)
FNDA:0,(anonymous_8)
DA:1,0
DA:2,0
DA:3,0
DA:4,0
DA:5,0
DA:7,0
DA:8,0
DA:10,0
DA:11,0
DA:16,0
DA:17,0
DA:18,0
DA:19,0
DA:20,0
DA:24,0
DA:25,0
DA:26,0
DA:27,0
DA:28,0
DA:32,0
DA:33,0
DA:37,0
DA:45,0
DA:48,0
DA:52,0
DA:53,0
DA:58,0
LF:27
LH:0
BRF:0
BRH:0
end_of_record
TN:
SF:app/container.ts
FN:21,configureContainer
FN:24,(anonymous_2)
FN:60,(anonymous_3)
FNF:3
FNH:0
FNDA:0,configureContainer
FNDA:0,(anonymous_2)
FNDA:0,(anonymous_3)
DA:1,0
DA:2,0
DA:3,0
DA:6,0
DA:7,0
DA:8,0
DA:9,0
DA:10,0
DA:11,0
DA:12,0
DA:13,0
DA:14,0
DA:15,0
DA:16,0
DA:17,0
DA:19,0
DA:21,0
DA:23,0
DA:24,0
DA:28,0
DA:29,0
DA:34,0
DA:35,0
DA:38,0
DA:39,0
DA:40,0
DA:45,0
DA:48,0
DA:53,0
DA:54,0
DA:59,0
DA:61,0
DA:67,0
DA:72,0
LF:34
LH:0
BRF:0
BRH:0
end_of_record
TN:
SF:app/server.ts
FN:9,(anonymous_5)
FN:11,(anonymous_6)
FNF:2
FNH:0
FNDA:0,(anonymous_5)
FNDA:0,(anonymous_6)
DA:1,0
DA:2,0
DA:3,0
DA:4,0
DA:5,0
DA:7,0
DA:8,0
DA:9,0
DA:12,0
DA:17,0
DA:20,0
DA:21,0
DA:23,0
LF:13
LH:0
BRF:0
BRH:0
end_of_record
TN:
SF:controller/AuthenticationController.ts
FN:17,(anonymous_5)
FN:74,(anonymous_6)
FN:121,(anonymous_7)
FN:161,(anonymous_8)
FN:202,(anonymous_9)
FN:248,(anonymous_10)
FNF:6
FNH:0
FNDA:0,(anonymous_5)
FNDA:0,(anonymous_6)
FNDA:0,(anonymous_7)
FNDA:0,(anonymous_8)
FNDA:0,(anonymous_9)
FNDA:0,(anonymous_10)
DA:1,0
DA:2,0
DA:3,0
DA:4,0
DA:5,0
DA:14,0
DA:16,0
DA:20,0
DA:22,0
DA:74,0
DA:75,0
DA:121,0
DA:122,0
DA:161,0
DA:162,0
DA:163,0
DA:202,0
DA:203,0
DA:248,0
DA:249,0
DA:253,0
LF:21
LH:0
BRF:0
BRH:0
end_of_record
TN:
SF:controller/HealthCheckController.ts
FN:12,(anonymous_5)
FN:33,(anonymous_6)
FNF:2
FNH:2
FNDA:1,(anonymous_5)
FNDA:1,(anonymous_6)
DA:1,1
DA:6,1
DA:7,1
DA:9,1
DA:11,1
DA:13,1
DA:33,1
DA:34,1
DA:38,1
LF:9
LH:9
BRF:0
BRH:0
end_of_record
TN:
SF:middleware/RequestValidationMiddleware.ts
FN:5,(anonymous_0)
FN:6,(anonymous_1)
FNF:2
FNH:0
FNDA:0,(anonymous_0)
FNDA:0,(anonymous_1)
DA:1,1
DA:6,0
DA:7,0
DA:8,0
DA:9,0
DA:13,0
DA:18,1
LF:7
LH:2
BRDA:8,0,0,0
BRF:1
BRH:0
end_of_record
TN:
SF:repository/implementation/PasswordResetTokenRepository.ts
FN:7,(anonymous_2)
FN:17,(anonymous_3)
FN:23,(anonymous_4)
FNF:3
FNH:0
FNDA:0,(anonymous_2)
FNDA:0,(anonymous_3)
FNDA:0,(anonymous_4)
DA:1,0
DA:3,0
DA:6,0
DA:8,0
DA:18,0
DA:24,0
DA:30,0
LF:7
LH:0
BRF:0
BRH:0
end_of_record
TN:
SF:repository/implementation/UserRepository.ts
FN:8,(anonymous_3)
FN:10,(anonymous_4)
FN:26,(anonymous_5)
FN:32,(anonymous_6)
FN:38,(anonymous_7)
FN:53,(anonymous_8)
FNF:6
FNH:0
FNDA:0,(anonymous_3)
FNDA:0,(anonymous_4)
FNDA:0,(anonymous_5)
FNDA:0,(anonymous_6)
FNDA:0,(anonymous_7)
FNDA:0,(anonymous_8)
DA:1,0
DA:2,0
DA:3,0
DA:6,0
DA:7,0
DA:16,0
DA:27,0
DA:33,0
DA:42,0
DA:54,0
DA:60,0
LF:11
LH:0
BRDA:21,0,0,0
BRDA:21,0,1,0
BRDA:48,1,0,0
BRDA:48,1,1,0
BRF:4
BRH:0
end_of_record
TN:
SF:service/implementation/AuthenticationService.ts
FN:27,(anonymous_5)
FN:37,(anonymous_6)
FN:90,(anonymous_7)
FN:144,(anonymous_8)
FN:188,(anonymous_9)
FN:228,(anonymous_10)
FNF:6
FNH:0
FNDA:0,(anonymous_5)
FNDA:0,(anonymous_6)
FNDA:0,(anonymous_7)
FNDA:0,(anonymous_8)
FNDA:0,(anonymous_9)
FNDA:0,(anonymous_10)
DA:2,0
DA:4,0
DA:5,0
DA:11,0
DA:12,0
DA:13,0
DA:19,0
DA:20,0
DA:21,0
DA:22,0
DA:23,0
DA:25,0
DA:26,0
DA:28,0
DA:29,0
DA:31,0
DA:32,0
DA:34,0
DA:41,0
DA:42,0
DA:45,0
DA:46,0
DA:47,0
DA:54,0
DA:58,0
DA:59,0
DA:63,0
DA:67,0
DA:71,0
DA:73,0
DA:79,0
DA:80,0
DA:84,0
DA:86,0
DA:95,0
DA:96,0
DA:99,0
DA:100,0
DA:101,0
DA:108,0
DA:111,0
DA:118,0
DA:122,0
DA:126,0
DA:128,0
DA:134,0
DA:135,0
DA:136,0
DA:138,0
DA:145,0
DA:146,0
DA:149,0
DA:150,0
DA:151,0
DA:157,0
DA:158,0
DA:159,0
DA:160,0
DA:169,0
DA:170,0
DA:172,0
DA:178,0
DA:179,0
DA:180,0
DA:182,0
DA:192,0
DA:193,0
DA:196,0
DA:197,0
DA:198,0
DA:205,0
DA:208,0
DA:212,0
DA:218,0
DA:219,0
DA:220,0
DA:222,0
DA:229,0
DA:230,0
DA:231,0
DA:234,0
DA:236,0
DA:237,0
DA:241,0
DA:242,0
DA:243,0
DA:247,0
DA:248,0
DA:249,0
DA:253,0
DA:257,0
DA:259,0
DA:265,0
DA:266,0
DA:271,0
DA:273,0
DA:280,0
LF:97
LH:0
BRDA:46,0,0,0
BRDA:58,1,0,0
BRDA:80,2,0,0
BRDA:81,3,0,0
BRDA:81,3,1,0
BRDA:100,4,0,0
BRDA:135,5,0,0
BRDA:150,6,0,0
BRDA:179,7,0,0
BRDA:197,8,0,0
BRDA:219,9,0,0
BRDA:236,10,0,0
BRDA:242,11,0,0
BRDA:248,12,0,0
BRDA:266,13,0,0
BRDA:267,14,0,0
BRDA:267,14,1,0
BRDA:267,14,2,0
BRF:18
BRH:0
end_of_record
TN:
SF:service/implementation/EmailService.ts
FN:10,(anonymous_5)
FN:12,(anonymous_6)
FN:27,(anonymous_7)
FN:37,(anonymous_8)
FNF:4
FNH:0
FNDA:0,(anonymous_5)
FNDA:0,(anonymous_6)
FNDA:0,(anonymous_7)
FNDA:0,(anonymous_8)
DA:1,0
DA:3,0
DA:4,0
DA:5,0
DA:7,0
DA:8,0
DA:9,0
DA:10,0
DA:16,0
DA:17,0
DA:19,0
DA:20,0
DA:22,0
DA:23,0
DA:28,0
DA:29,0
DA:38,0
DA:59,0
LF:18
LH:0
BRF:0
BRH:0
end_of_record
TN:
SF:service/implementation/JwtService.ts
FN:17,(anonymous_5)
FN:21,(anonymous_6)
FN:50,(anonymous_7)
FN:59,(anonymous_8)
FNF:4
FNH:0
FNDA:0,(anonymous_5)
FNDA:0,(anonymous_6)
FNDA:0,(anonymous_7)
FNDA:0,(anonymous_8)
DA:1,0
DA:2,0
DA:3,0
DA:4,0
DA:5,0
DA:6,0
DA:9,0
DA:10,0
DA:11,0
DA:12,0
DA:14,0
DA:18,0
DA:25,0
DA:26,0
DA:28,0
DA:29,0
DA:32,0
DA:37,0
DA:45,0
DA:46,0
DA:51,0
DA:52,0
DA:54,0
DA:55,0
DA:60,0
DA:62,0
DA:64,0
DA:65,0
DA:69,0
DA:71,0
DA:72,0
DA:76,0
DA:78,0
DA:79,0
DA:84,0
LF:35
LH:0
BRDA:28,0,0,0
BRDA:39,1,0,0
BRDA:39,1,1,0
BRDA:64,2,0,0
BRDA:64,3,0,0
BRDA:64,3,1,0
BRDA:71,4,0,0
BRF:7
BRH:0
end_of_record
TN:
SF:service/implementation/PasswordEncoderService.ts
FN:7,(anonymous_2)
FN:13,(anonymous_3)
FNF:2
FNH:0
FNDA:0,(anonymous_2)
FNDA:0,(anonymous_3)
DA:1,0
DA:3,0
DA:6,0
DA:9,0
DA:10,0
DA:18,0
DA:22,0
LF:7
LH:0
BRF:0
BRH:0
end_of_record
TN:
SF:service/implementation/UserService.ts
FN:19,(anonymous_5)
FN:25,(anonymous_6)
FN:62,(anonymous_7)
FN:145,(anonymous_8)
FNF:4
FNH:0
FNDA:0,(anonymous_5)
FNDA:0,(anonymous_6)
FNDA:0,(anonymous_7)
FNDA:0,(anonymous_8)
DA:1,0
DA:2,0
DA:5,0
DA:10,0
DA:11,0
DA:12,0
DA:13,0
DA:14,0
DA:15,0
DA:17,0
DA:18,0
DA:20,0
DA:22,0
DA:26,0
DA:27,0
DA:29,0
DA:31,0
DA:32,0
DA:35,0
DA:36,0
DA:39,0
DA:47,0
DA:53,0
DA:55,0
DA:56,0
DA:58,0
DA:65,0
DA:66,0
DA:69,0
DA:71,0
DA:72,0
DA:77,0
DA:78,0
DA:84,0
DA:87,0
DA:92,0
DA:93,0
DA:96,0
DA:101,0
DA:102,0
DA:105,0
DA:106,0
DA:107,0
DA:109,0
DA:112,0
DA:122,0
DA:130,0
DA:136,0
DA:138,0
DA:139,0
DA:141,0
DA:146,0
DA:147,0
DA:150,0
DA:152,0
DA:153,0
DA:157,0
DA:159,0
DA:165,0
DA:167,0
DA:168,0
DA:170,0
DA:175,0
LF:63
LH:0
BRDA:31,0,0,0
BRDA:35,1,0,0
BRDA:55,2,0,0
BRDA:71,3,0,0
BRDA:77,4,0,0
BRDA:84,5,0,0
BRDA:84,6,0,0
BRDA:84,6,1,0
BRDA:92,7,0,0
BRDA:101,8,0,0
BRDA:105,9,0,0
BRDA:106,10,0,0
BRDA:116,11,0,0
BRDA:116,11,1,0
BRDA:117,12,0,0
BRDA:117,12,1,0
BRDA:138,13,0,0
BRDA:152,14,0,0
BRDA:167,15,0,0
BRF:19
BRH:0
end_of_record
