TN:
SF:app/app.ts
FN:15,(anonymous_3)
FN:23,(anonymous_4)
FN:31,(anonymous_5)
FN:44,(anonymous_6)
FN:51,(anonymous_7)
FN:52,(anonymous_8)
FNF:6
FNH:0
FNDA:0,(anonymous_3)
FNDA:0,(anonymous_4)
FNDA:0,(anonymous_5)
FNDA:0,(anonymous_6)
FNDA:0,(anonymous_7)
FNDA:0,(anonymous_8)
DA:1,0
DA:2,0
DA:3,0
DA:4,0
DA:5,0
DA:7,0
DA:8,0
DA:10,0
DA:11,0
DA:16,0
DA:17,0
DA:18,0
DA:19,0
DA:20,0
DA:24,0
DA:25,0
DA:26,0
DA:27,0
DA:28,0
DA:32,0
DA:33,0
DA:37,0
DA:45,0
DA:48,0
DA:52,0
DA:53,0
DA:58,0
LF:27
LH:0
BRF:0
BRH:0
end_of_record
TN:
SF:app/container.ts
FN:21,configureContainer
FN:24,(anonymous_2)
FN:60,(anonymous_3)
FNF:3
FNH:0
FNDA:0,configureContainer
FNDA:0,(anonymous_2)
FNDA:0,(anonymous_3)
DA:1,0
DA:2,0
DA:3,0
DA:6,0
DA:7,0
DA:8,0
DA:9,0
DA:10,0
DA:11,0
DA:12,0
DA:13,0
DA:14,0
DA:15,0
DA:16,0
DA:17,0
DA:19,0
DA:21,0
DA:23,0
DA:24,0
DA:28,0
DA:29,0
DA:34,0
DA:35,0
DA:38,0
DA:39,0
DA:40,0
DA:45,0
DA:48,0
DA:53,0
DA:54,0
DA:59,0
DA:61,0
DA:67,0
DA:72,0
LF:34
LH:0
BRF:0
BRH:0
end_of_record
TN:
SF:app/server.ts
FN:9,(anonymous_5)
FN:11,(anonymous_6)
FNF:2
FNH:0
FNDA:0,(anonymous_5)
FNDA:0,(anonymous_6)
DA:1,0
DA:2,0
DA:3,0
DA:4,0
DA:5,0
DA:7,0
DA:8,0
DA:9,0
DA:12,0
DA:17,0
DA:20,0
DA:21,0
DA:23,0
LF:13
LH:0
BRF:0
BRH:0
end_of_record
TN:
SF:controller/AuthenticationController.ts
FN:17,(anonymous_5)
FN:74,(anonymous_6)
FN:121,(anonymous_7)
FN:161,(anonymous_8)
FN:202,(anonymous_9)
FNF:5
FNH:0
FNDA:0,(anonymous_5)
FNDA:0,(anonymous_6)
FNDA:0,(anonymous_7)
FNDA:0,(anonymous_8)
FNDA:0,(anonymous_9)
DA:1,0
DA:2,0
DA:3,0
DA:4,0
DA:5,0
DA:14,0
DA:16,0
DA:20,0
DA:22,0
DA:74,0
DA:75,0
DA:121,0
DA:122,0
DA:161,0
DA:162,0
DA:163,0
DA:202,0
DA:203,0
DA:207,0
LF:19
LH:0
BRF:0
BRH:0
end_of_record
TN:
SF:controller/HealthCheckController.ts
FN:12,(anonymous_5)
FN:33,(anonymous_6)
FNF:2
FNH:0
FNDA:0,(anonymous_5)
FNDA:0,(anonymous_6)
DA:1,0
DA:6,0
DA:7,0
DA:9,0
DA:11,0
DA:13,0
DA:33,0
DA:34,0
DA:38,0
LF:9
LH:0
BRF:0
BRH:0
end_of_record
TN:
SF:middleware/GlobalExceptionMiddleware.ts
FN:15,(anonymous_2)
FN:16,(anonymous_3)
FN:26,(anonymous_4)
FNF:3
FNH:2
FNDA:1,(anonymous_2)
FNDA:0,(anonymous_3)
FNDA:1,(anonymous_4)
DA:8,1
DA:9,1
DA:10,1
DA:11,1
DA:15,1
DA:16,1
DA:21,0
DA:22,0
DA:23,0
DA:26,1
DA:31,1
DA:32,1
DA:33,1
DA:34,1
DA:35,1
DA:38,1
DA:41,1
DA:42,0
DA:46,1
DA:54,1
DA:55,1
DA:59,1
LF:22
LH:18
BRDA:32,0,0,1
BRDA:32,0,1,1
BRDA:35,1,0,0
BRDA:35,1,1,1
BRDA:41,2,0,0
BRF:5
BRH:3
end_of_record
TN:
SF:repository/implementation/PasswordResetTokenRepository.ts
FN:7,(anonymous_2)
FN:17,(anonymous_3)
FN:23,(anonymous_4)
FNF:3
FNH:0
FNDA:0,(anonymous_2)
FNDA:0,(anonymous_3)
FNDA:0,(anonymous_4)
DA:1,0
DA:3,0
DA:6,0
DA:8,0
DA:18,0
DA:24,0
DA:30,0
LF:7
LH:0
BRF:0
BRH:0
end_of_record
TN:
SF:repository/implementation/UserRepository.ts
FN:8,(anonymous_3)
FN:10,(anonymous_4)
FN:26,(anonymous_5)
FN:32,(anonymous_6)
FN:38,(anonymous_7)
FN:53,(anonymous_8)
FNF:6
FNH:0
FNDA:0,(anonymous_3)
FNDA:0,(anonymous_4)
FNDA:0,(anonymous_5)
FNDA:0,(anonymous_6)
FNDA:0,(anonymous_7)
FNDA:0,(anonymous_8)
DA:1,1
DA:2,1
DA:3,1
DA:6,1
DA:7,1
DA:16,0
DA:27,0
DA:33,0
DA:42,0
DA:54,0
DA:60,1
LF:11
LH:6
BRDA:21,0,0,0
BRDA:21,0,1,0
BRDA:48,1,0,0
BRDA:48,1,1,0
BRF:4
BRH:0
end_of_record
TN:
SF:service/implementation/AuthenticationService.ts
FN:26,(anonymous_5)
FN:36,(anonymous_6)
FN:89,(anonymous_7)
FN:141,(anonymous_8)
FN:185,(anonymous_9)
FN:223,(anonymous_10)
FNF:6
FNH:0
FNDA:0,(anonymous_5)
FNDA:0,(anonymous_6)
FNDA:0,(anonymous_7)
FNDA:0,(anonymous_8)
FNDA:0,(anonymous_9)
FNDA:0,(anonymous_10)
DA:2,0
DA:4,0
DA:5,0
DA:11,0
DA:12,0
DA:13,0
DA:18,0
DA:19,0
DA:20,0
DA:21,0
DA:22,0
DA:24,0
DA:25,0
DA:27,0
DA:28,0
DA:30,0
DA:31,0
DA:33,0
DA:40,0
DA:41,0
DA:44,0
DA:45,0
DA:46,0
DA:53,0
DA:57,0
DA:58,0
DA:62,0
DA:66,0
DA:70,0
DA:72,0
DA:78,0
DA:79,0
DA:83,0
DA:85,0
DA:94,0
DA:95,0
DA:98,0
DA:99,0
DA:100,0
DA:107,0
DA:110,0
DA:117,0
DA:121,0
DA:125,0
DA:127,0
DA:133,0
DA:134,0
DA:135,0
DA:137,0
DA:142,0
DA:143,0
DA:146,0
DA:147,0
DA:148,0
DA:154,0
DA:155,0
DA:156,0
DA:157,0
DA:166,0
DA:167,0
DA:169,0
DA:175,0
DA:176,0
DA:177,0
DA:179,0
DA:189,0
DA:190,0
DA:193,0
DA:194,0
DA:195,0
DA:202,0
DA:205,0
DA:209,0
DA:215,0
DA:216,0
DA:217,0
DA:219,0
DA:224,0
DA:225,0
DA:226,0
DA:229,0
DA:231,0
DA:232,0
DA:236,0
DA:237,0
DA:238,0
DA:242,0
DA:243,0
DA:244,0
DA:248,0
DA:252,0
DA:254,0
DA:260,0
DA:261,0
DA:266,0
DA:268,0
DA:273,0
LF:97
LH:0
BRDA:45,0,0,0
BRDA:57,1,0,0
BRDA:79,2,0,0
BRDA:80,3,0,0
BRDA:80,3,1,0
BRDA:99,4,0,0
BRDA:134,5,0,0
BRDA:147,6,0,0
BRDA:176,7,0,0
BRDA:194,8,0,0
BRDA:216,9,0,0
BRDA:231,10,0,0
BRDA:237,11,0,0
BRDA:237,12,0,0
BRDA:237,12,1,0
BRDA:243,13,0,0
BRDA:261,14,0,0
BRDA:262,15,0,0
BRDA:262,15,1,0
BRDA:262,15,2,0
BRF:20
BRH:0
end_of_record
TN:
SF:service/implementation/EmailService.ts
FN:10,(anonymous_5)
FN:12,(anonymous_6)
FN:27,(anonymous_7)
FN:36,(anonymous_8)
FNF:4
FNH:0
FNDA:0,(anonymous_5)
FNDA:0,(anonymous_6)
FNDA:0,(anonymous_7)
FNDA:0,(anonymous_8)
DA:1,0
DA:3,0
DA:4,0
DA:5,0
DA:7,0
DA:8,0
DA:9,0
DA:10,0
DA:16,0
DA:17,0
DA:19,0
DA:20,0
DA:22,0
DA:23,0
DA:28,0
DA:37,0
DA:58,0
LF:17
LH:0
BRF:0
BRH:0
end_of_record
TN:
SF:service/implementation/JwtService.ts
FN:17,(anonymous_5)
FN:19,(anonymous_6)
FN:48,(anonymous_7)
FN:57,(anonymous_8)
FNF:4
FNH:3
FNDA:2,(anonymous_5)
FNDA:1,(anonymous_6)
FNDA:2,(anonymous_7)
FNDA:0,(anonymous_8)
DA:1,1
DA:2,1
DA:3,1
DA:4,1
DA:5,1
DA:6,1
DA:9,1
DA:10,1
DA:11,2
DA:12,2
DA:14,2
DA:17,2
DA:23,1
DA:24,1
DA:26,1
DA:27,0
DA:30,1
DA:35,1
DA:43,0
DA:44,0
DA:49,2
DA:50,2
DA:52,1
DA:53,1
DA:58,0
DA:60,0
DA:62,0
DA:63,0
DA:67,0
DA:69,0
DA:70,0
DA:74,0
DA:76,0
DA:77,0
DA:82,1
LF:35
LH:22
BRDA:26,0,0,0
BRDA:37,1,0,1
BRDA:37,1,1,0
BRDA:62,2,0,0
BRDA:62,3,0,0
BRDA:62,3,1,0
BRDA:69,4,0,0
BRF:7
BRH:1
end_of_record
TN:
SF:service/implementation/PasswordEncoderService.ts
FN:7,(anonymous_2)
FN:13,(anonymous_3)
FNF:2
FNH:0
FNDA:0,(anonymous_2)
FNDA:0,(anonymous_3)
DA:1,0
DA:3,0
DA:6,0
DA:9,0
DA:10,0
DA:18,0
DA:22,0
LF:7
LH:0
BRF:0
BRH:0
end_of_record
TN:
SF:service/implementation/UserService.ts
FN:19,(anonymous_5)
FN:25,(anonymous_6)
FN:62,(anonymous_7)
FN:145,(anonymous_8)
FNF:4
FNH:0
FNDA:0,(anonymous_5)
FNDA:0,(anonymous_6)
FNDA:0,(anonymous_7)
FNDA:0,(anonymous_8)
DA:1,0
DA:2,0
DA:5,0
DA:10,0
DA:11,0
DA:12,0
DA:13,0
DA:14,0
DA:15,0
DA:17,0
DA:18,0
DA:20,0
DA:22,0
DA:26,0
DA:27,0
DA:29,0
DA:31,0
DA:32,0
DA:35,0
DA:36,0
DA:39,0
DA:47,0
DA:53,0
DA:55,0
DA:56,0
DA:58,0
DA:65,0
DA:66,0
DA:69,0
DA:71,0
DA:72,0
DA:77,0
DA:78,0
DA:84,0
DA:87,0
DA:92,0
DA:93,0
DA:96,0
DA:101,0
DA:102,0
DA:105,0
DA:106,0
DA:107,0
DA:109,0
DA:112,0
DA:122,0
DA:130,0
DA:136,0
DA:138,0
DA:139,0
DA:141,0
DA:146,0
DA:147,0
DA:150,0
DA:152,0
DA:153,0
DA:157,0
DA:159,0
DA:165,0
DA:167,0
DA:168,0
DA:170,0
DA:175,0
LF:63
LH:0
BRDA:31,0,0,0
BRDA:35,1,0,0
BRDA:55,2,0,0
BRDA:71,3,0,0
BRDA:77,4,0,0
BRDA:84,5,0,0
BRDA:84,6,0,0
BRDA:84,6,1,0
BRDA:92,7,0,0
BRDA:101,8,0,0
BRDA:105,9,0,0
BRDA:106,10,0,0
BRDA:116,11,0,0
BRDA:116,11,1,0
BRDA:117,12,0,0
BRDA:117,12,1,0
BRDA:138,13,0,0
BRDA:152,14,0,0
BRDA:167,15,0,0
BRF:19
BRH:0
end_of_record
TN:
SF:utils/TokenGenerator.ts
FN:6,(anonymous_0)
FNF:1
FNH:1
FNDA:3,(anonymous_0)
DA:2,1
DA:4,1
DA:7,3
DA:8,3
DA:9,96
DA:10,96
DA:12,3
DA:16,1
LF:8
LH:8
BRF:0
BRH:0
end_of_record
TN:
SF:utils/logger.ts
FN:5,(anonymous_9)
FNF:1
FNH:1
FNDA:2,(anonymous_9)
DA:1,2
DA:3,2
DA:5,2
DA:6,2
DA:9,2
DA:28,2
LF:6
LH:6
BRF:0
BRH:0
end_of_record
